LOG:  database system was interrupted; last known up at 2017-01-19 03:48:22 EST
LOG:  database system was not properly shut down; automatic recovery in progress
LOG:  record with zero length at 0/1E7F378
LOG:  redo is not required
LOG:  autovacuum launcher started
LOG:  database system is ready to accept connections
ERROR:  duplicate key value violates unique constraint "index_project_authorizations_on_user_id_project_id_access_level"
DETAIL:  Key (user_id, project_id, access_level)=(1, 1, 40) already exists.
STATEMENT:  INSERT INTO project_authorizations (user_id, project_id, access_level)
	VALUES (1, 1, 40)
	
ERROR:  duplicate key value violates unique constraint "index_project_authorizations_on_user_id_project_id_access_level"
DETAIL:  Key (user_id, project_id, access_level)=(1, 2, 40) already exists.
STATEMENT:  INSERT INTO project_authorizations (user_id, project_id, access_level)
	VALUES (1, 2, 40)
	
ERROR:  duplicate key value violates unique constraint "index_project_authorizations_on_user_id_project_id_access_level"
DETAIL:  Key (user_id, project_id, access_level)=(1, 3, 40) already exists.
STATEMENT:  INSERT INTO project_authorizations (user_id, project_id, access_level)
	VALUES (1, 3, 40)
	
ERROR:  duplicate key value violates unique constraint "index_project_authorizations_on_user_id_project_id_access_level"
DETAIL:  Key (user_id, project_id, access_level)=(1, 4, 40) already exists.
STATEMENT:  INSERT INTO project_authorizations (user_id, project_id, access_level)
	VALUES (1, 4, 40)
	
ERROR:  duplicate key value violates unique constraint "index_project_authorizations_on_user_id_project_id_access_level"
DETAIL:  Key (user_id, project_id, access_level)=(1, 5, 40) already exists.
STATEMENT:  INSERT INTO project_authorizations (user_id, project_id, access_level)
	VALUES (1, 5, 40)
	
ERROR:  duplicate key value violates unique constraint "index_project_authorizations_on_user_id_project_id_access_level"
DETAIL:  Key (user_id, project_id, access_level)=(1, 6, 40) already exists.
STATEMENT:  INSERT INTO project_authorizations (user_id, project_id, access_level)
	VALUES (1, 6, 40)
	
ERROR:  duplicate key value violates unique constraint "index_project_authorizations_on_user_id_project_id_access_level"
DETAIL:  Key (user_id, project_id, access_level)=(1, 7, 40) already exists.
STATEMENT:  INSERT INTO project_authorizations (user_id, project_id, access_level)
	VALUES (1, 7, 40)
	
ERROR:  duplicate key value violates unique constraint "index_project_authorizations_on_user_id_project_id_access_level"
DETAIL:  Key (user_id, project_id, access_level)=(1, 8, 40) already exists.
STATEMENT:  INSERT INTO project_authorizations (user_id, project_id, access_level)
	VALUES (1, 8, 40)
	
ERROR:  duplicate key value violates unique constraint "index_project_authorizations_on_user_id_project_id_access_level"
DETAIL:  Key (user_id, project_id, access_level)=(1, 9, 40) already exists.
STATEMENT:  INSERT INTO project_authorizations (user_id, project_id, access_level)
	VALUES (1, 9, 40)
	
ERROR:  duplicate key value violates unique constraint "index_project_authorizations_on_user_id_project_id_access_level"
DETAIL:  Key (user_id, project_id, access_level)=(1, 10, 40) already exists.
STATEMENT:  INSERT INTO project_authorizations (user_id, project_id, access_level)
	VALUES (1, 10, 40)
	
ERROR:  duplicate key value violates unique constraint "index_project_authorizations_on_user_id_project_id_access_level"
DETAIL:  Key (user_id, project_id, access_level)=(1, 11, 40) already exists.
STATEMENT:  INSERT INTO project_authorizations (user_id, project_id, access_level)
	VALUES (1, 11, 40)
	
ERROR:  duplicate key value violates unique constraint "index_project_authorizations_on_user_id_project_id_access_level"
DETAIL:  Key (user_id, project_id, access_level)=(1, 12, 40) already exists.
STATEMENT:  INSERT INTO project_authorizations (user_id, project_id, access_level)
	VALUES (1, 12, 40)
	
ERROR:  duplicate key value violates unique constraint "index_project_authorizations_on_user_id_project_id_access_level"
DETAIL:  Key (user_id, project_id, access_level)=(1, 13, 40) already exists.
STATEMENT:  INSERT INTO project_authorizations (user_id, project_id, access_level)
	VALUES (1, 13, 40)
	
ERROR:  duplicate key value violates unique constraint "index_project_authorizations_on_user_id_project_id_access_level"
DETAIL:  Key (user_id, project_id, access_level)=(1, 14, 40) already exists.
STATEMENT:  INSERT INTO project_authorizations (user_id, project_id, access_level)
	VALUES (1, 14, 40)
	
ERROR:  duplicate key value violates unique constraint "index_project_authorizations_on_user_id_project_id_access_level"
DETAIL:  Key (user_id, project_id, access_level)=(1, 15, 40) already exists.
STATEMENT:  INSERT INTO project_authorizations (user_id, project_id, access_level)
	VALUES (1, 15, 40)
	
ERROR:  duplicate key value violates unique constraint "index_project_authorizations_on_user_id_project_id_access_level"
DETAIL:  Key (user_id, project_id, access_level)=(1, 16, 40) already exists.
STATEMENT:  INSERT INTO project_authorizations (user_id, project_id, access_level)
	VALUES (1, 16, 40)
	
ERROR:  duplicate key value violates unique constraint "index_project_authorizations_on_user_id_project_id_access_level"
DETAIL:  Key (user_id, project_id, access_level)=(1, 17, 40) already exists.
STATEMENT:  INSERT INTO project_authorizations (user_id, project_id, access_level)
	VALUES (1, 17, 40)
	
ERROR:  duplicate key value violates unique constraint "index_project_authorizations_on_user_id_project_id_access_level"
DETAIL:  Key (user_id, project_id, access_level)=(1, 18, 40) already exists.
STATEMENT:  INSERT INTO project_authorizations (user_id, project_id, access_level)
	VALUES (1, 18, 40)
	
