LOG:  database system was shut down at 2017-01-17 03:03:45 EST
LOG:  autovacuum launcher started
LOG:  database system is ready to accept connections
LOG:  received fast shutdown request
LOG:  aborting any active transactions
LOG:  autovacuum launcher shutting down
FATAL:  terminating connection due to administrator command
LOG:  shutting down
LOG:  database system is shut down
LOG:  database system was shut down at 2017-01-17 03:13:35 EST
LOG:  database system is ready to accept connections
LOG:  autovacuum launcher started
LOG:  received fast shutdown request
LOG:  aborting any active transactions
FATAL:  terminating connection due to administrator command
FATAL:  terminating connection due to administrator command
LOG:  autovacuum launcher shutting down
FATAL:  terminating connection due to administrator command
FATAL:  terminating connection due to administrator command
LOG:  shutting down
LOG:  database system is shut down
